<?xml version="1.0" encoding="UTF-8"?>
<!-- Generated by org.testng.reporters.JUnitReportReporter -->
<testsuite hostname="DESKTOP-GTA4HK7" failures="0" tests="4" name="com.liverpool.tests.APEXTestsScenarios" time="44.672" errors="0" timestamp="09 oct. 2023 20:27:29 GMT" skipped="0">
  <testcase classname="com.liverpool.tests.APEXTestsScenarios" name="APEXScenario1Sol2" time="9.734"/>
  <testcase classname="com.liverpool.tests.APEXTestsScenarios" name="APEXScenario2" time="12.965"/>
  <testcase classname="com.liverpool.tests.APEXTestsScenarios" name="APEXScenario3" time="9.375"/>
  <testcase classname="com.liverpool.tests.APEXTestsScenarios" name="APEXScenario1Sol1" time="12.598"/>
</testsuite> <!-- com.liverpool.tests.APEXTestsScenarios -->
